[debug] [2018-07-21T20:15:06.689Z] ----------------------------------------------------------------------
[debug] [2018-07-21T20:15:06.690Z] Command:       /usr/local/bin/node /usr/local/bin/firebase serve --only hosting
[debug] [2018-07-21T20:15:06.690Z] CLI Version:   3.19.3
[debug] [2018-07-21T20:15:06.691Z] Platform:      darwin
[debug] [2018-07-21T20:15:06.691Z] Node Version:  v8.11.3
[debug] [2018-07-21T20:15:06.691Z] Time:          Sat Jul 21 2018 13:15:06 GMT-0700 (PDT)
[debug] [2018-07-21T20:15:06.691Z] ----------------------------------------------------------------------
[debug] 
[debug] [2018-07-21T20:15:06.705Z] > command requires scopes: ["email","openid","https://www.googleapis.com/auth/cloudplatformprojects.readonly","https://www.googleapis.com/auth/firebase","https://www.googleapis.com/auth/cloud-platform"]
[debug] [2018-07-21T20:15:06.706Z] > authorizing via signed-in user
[debug] [2018-07-21T20:15:06.708Z] > refreshing access token with scopes: ["email","https://www.googleapis.com/auth/cloud-platform","https://www.googleapis.com/auth/cloudplatformprojects.readonly","https://www.googleapis.com/auth/firebase","openid"]
[debug] [2018-07-21T20:15:06.708Z] >>> HTTP REQUEST POST https://www.googleapis.com/oauth2/v3/token  
 { refresh_token: '1/BrpykOlihucSeA-Va1LqX1pcxb3WRIyL8Pmw7uEEEYTcZ5kf_xTJoEnmKTTIDZX9',
  client_id: '563584335869-fgrhgmd47bqnekij5i8b5pr03ho849e6.apps.googleusercontent.com',
  client_secret: 'j9iVZfS8kkCEFUPaAeJV0sAi',
  grant_type: 'refresh_token',
  scope: 'email https://www.googleapis.com/auth/cloud-platform https://www.googleapis.com/auth/cloudplatformprojects.readonly https://www.googleapis.com/auth/firebase openid' } 
 Sat Jul 21 2018 13:15:06 GMT-0700 (PDT)
[debug] [2018-07-21T20:15:06.820Z] <<< HTTP RESPONSE 200
[debug] [2018-07-21T20:15:06.833Z] >>> HTTP REQUEST GET https://admin.firebase.com/v1/projects/fir-portfolio-fdb51  
  
 Sat Jul 21 2018 13:15:06 GMT-0700 (PDT)
[debug] [2018-07-21T20:15:07.121Z] <<< HTTP RESPONSE 200
[debug] [2018-07-21T20:15:07.122Z] >>> HTTP REQUEST GET https://admin.firebase.com/v1/database/fir-portfolio-fdb51/tokens  
  
 Sat Jul 21 2018 13:15:07 GMT-0700 (PDT)
[debug] [2018-07-21T20:15:07.584Z] <<< HTTP RESPONSE 200
[debug] [2018-07-21T20:15:07.584Z] >>> HTTP REQUEST GET https://cloudresourcemanager.googleapis.com/v1/projects/fir-portfolio-fdb51  
  
 Sat Jul 21 2018 13:15:07 GMT-0700 (PDT)
[debug] [2018-07-21T20:15:07.894Z] <<< HTTP RESPONSE 200
[info] 
[info] === Serving from '/Users/mclawges/Documents/master-portfolio'...
[info] 
[debug] [2018-07-21T20:15:07.896Z] >>> HTTP REQUEST GET https://mobilesdk-pa.googleapis.com/v1/projects/552857572881/clients/_:getWebAppConfig  
  
 Sat Jul 21 2018 13:15:07 GMT-0700 (PDT)
[debug] [2018-07-21T20:15:08.177Z] <<< HTTP RESPONSE 200
[info] i  hosting: Serving hosting files from: public
[info] ✔  hosting: Local server: http://localhost:5000

[debug] [2018-07-21T20:17:54.155Z] ----------------------------------------------------------------------
[debug] [2018-07-21T20:17:54.157Z] Command:       /usr/local/bin/node /usr/local/bin/firebase serve --only hosting
[debug] [2018-07-21T20:17:54.157Z] CLI Version:   3.19.3
[debug] [2018-07-21T20:17:54.157Z] Platform:      darwin
[debug] [2018-07-21T20:17:54.157Z] Node Version:  v8.11.3
[debug] [2018-07-21T20:17:54.158Z] Time:          Sat Jul 21 2018 13:17:54 GMT-0700 (PDT)
[debug] [2018-07-21T20:17:54.158Z] ----------------------------------------------------------------------
[debug] 
[debug] [2018-07-21T20:17:54.167Z] > command requires scopes: ["email","openid","https://www.googleapis.com/auth/cloudplatformprojects.readonly","https://www.googleapis.com/auth/firebase","https://www.googleapis.com/auth/cloud-platform"]
[debug] [2018-07-21T20:17:54.168Z] > authorizing via signed-in user
[debug] [2018-07-21T20:17:54.169Z] >>> HTTP REQUEST GET https://admin.firebase.com/v1/projects/fir-portfolio-fdb51  
  
 Sat Jul 21 2018 13:17:54 GMT-0700 (PDT)
[debug] [2018-07-21T20:17:54.460Z] <<< HTTP RESPONSE 200
[debug] [2018-07-21T20:17:54.460Z] >>> HTTP REQUEST GET https://admin.firebase.com/v1/database/fir-portfolio-fdb51/tokens  
  
 Sat Jul 21 2018 13:17:54 GMT-0700 (PDT)
[debug] [2018-07-21T20:17:54.948Z] <<< HTTP RESPONSE 200
[debug] [2018-07-21T20:17:54.949Z] >>> HTTP REQUEST GET https://cloudresourcemanager.googleapis.com/v1/projects/fir-portfolio-fdb51  
  
 Sat Jul 21 2018 13:17:54 GMT-0700 (PDT)
[debug] [2018-07-21T20:17:55.238Z] <<< HTTP RESPONSE 200
[info] 
[info] === Serving from '/Users/mclawges/Documents/master-portfolio'...
[info] 
[debug] [2018-07-21T20:17:55.240Z] >>> HTTP REQUEST GET https://mobilesdk-pa.googleapis.com/v1/projects/552857572881/clients/_:getWebAppConfig  
  
 Sat Jul 21 2018 13:17:55 GMT-0700 (PDT)
[debug] [2018-07-21T20:17:55.667Z] <<< HTTP RESPONSE 200
[warn] ⚠  hosting: Port 5000 is not available. Trying another port...
[debug] [2018-07-21T20:17:55.685Z] >>> HTTP REQUEST GET https://mobilesdk-pa.googleapis.com/v1/projects/552857572881/clients/_:getWebAppConfig  
  
 Sat Jul 21 2018 13:17:55 GMT-0700 (PDT)
[debug] [2018-07-21T20:17:55.906Z] <<< HTTP RESPONSE 200
[info] i  hosting: Serving hosting files from: public
[info] ✔  hosting: Local server: http://localhost:5004

